{"/Users/ritacosta/code/unitary-tests-practice/components/api.tsx": {"path":"/Users/ritacosta/code/unitary-tests-practice/components/api.tsx","statementMap":{"0":{"start":{"line":3,"column":0},"end":{"line":3,"column":24}},"1":{"start":{"line":1,"column":0},"end":{"line":1,"column":33}},"2":{"start":{"line":4,"column":28},"end":{"line":4,"column":40}},"3":{"start":{"line":5,"column":34},"end":{"line":5,"column":46}},"4":{"start":{"line":6,"column":30},"end":{"line":6,"column":46}},"5":{"start":{"line":8,"column":23},"end":{"line":24,"column":4}},"6":{"start":{"line":8,"column":39},"end":{"line":24,"column":4}},"7":{"start":{"line":9,"column":4},"end":{"line":9,"column":23}},"8":{"start":{"line":10,"column":4},"end":{"line":10,"column":25}},"9":{"start":{"line":12,"column":4},"end":{"line":23,"column":5}},"10":{"start":{"line":13,"column":18},"end":{"line":16,"column":8}},"11":{"start":{"line":18,"column":6},"end":{"line":18,"column":44}},"12":{"start":{"line":18,"column":19},"end":{"line":18,"column":44}},"13":{"start":{"line":20,"column":6},"end":{"line":20,"column":27}},"14":{"start":{"line":22,"column":6},"end":{"line":22,"column":25}},"15":{"start":{"line":26,"column":2},"end":{"line":47,"column":4}},"16":{"start":{"line":31,"column":25},"end":{"line":31,"column":49}},"17":{"start":{"line":38,"column":25},"end":{"line":38,"column":52}}},"fnMap":{"0":{"name":"Api","decl":{"start":{"line":3,"column":24},"end":{"line":3,"column":27}},"loc":{"start":{"line":3,"column":27},"end":{"line":48,"column":1}}},"1":{"name":"(anonymous_8)","decl":{"start":{"line":8,"column":23},"end":{"line":8,"column":30}},"loc":{"start":{"line":8,"column":39},"end":{"line":24,"column":4}}},"2":{"name":"(anonymous_9)","decl":{"start":{"line":8,"column":39},"end":{"line":8,"column":null}},"loc":{"start":{"line":8,"column":39},"end":{"line":24,"column":3}}},"3":{"name":"(anonymous_10)","decl":{"start":{"line":31,"column":18},"end":{"line":31,"column":19}},"loc":{"start":{"line":31,"column":25},"end":{"line":31,"column":49}}},"4":{"name":"(anonymous_11)","decl":{"start":{"line":38,"column":18},"end":{"line":38,"column":19}},"loc":{"start":{"line":38,"column":25},"end":{"line":38,"column":52}}}},"branchMap":{"0":{"loc":{"start":{"line":18,"column":6},"end":{"line":18,"column":44}},"type":"if","locations":[{"start":{"line":18,"column":6},"end":{"line":18,"column":44}},{"start":{},"end":{}}]},"1":{"loc":{"start":{"line":43,"column":7},"end":{"line":43,"column":48}},"type":"binary-expr","locations":[{"start":{"line":43,"column":7},"end":{"line":43,"column":27}},{"start":{"line":43,"column":31},"end":{"line":43,"column":48}}]},"2":{"loc":{"start":{"line":44,"column":7},"end":{"line":44,"column":52}},"type":"binary-expr","locations":[{"start":{"line":44,"column":7},"end":{"line":44,"column":25}},{"start":{"line":44,"column":29},"end":{"line":44,"column":52}}]},"3":{"loc":{"start":{"line":45,"column":7},"end":{"line":45,"column":46}},"type":"binary-expr","locations":[{"start":{"line":45,"column":7},"end":{"line":45,"column":27}},{"start":{"line":45,"column":31},"end":{"line":45,"column":46}}]}},"s":{"0":1,"1":1,"2":83,"3":83,"4":83,"5":83,"6":3,"7":3,"8":3,"9":3,"10":3,"11":2,"12":1,"13":1,"14":1,"15":83,"16":50,"17":24},"f":{"0":83,"1":3,"2":3,"3":50,"4":24},"b":{"0":[1,1],"1":[83,3],"2":[83,1],"3":[83,1]}}
,"/Users/ritacosta/code/unitary-tests-practice/components/counter.tsx": {"path":"/Users/ritacosta/code/unitary-tests-practice/components/counter.tsx","statementMap":{"0":{"start":{"line":4,"column":0},"end":{"line":4,"column":24}},"1":{"start":{"line":2,"column":0},"end":{"line":2,"column":33}},"2":{"start":{"line":5,"column":28},"end":{"line":5,"column":47}},"3":{"start":{"line":6,"column":21},"end":{"line":6,"column":30}},"4":{"start":{"line":8,"column":2},"end":{"line":20,"column":4}},"5":{"start":{"line":11,"column":43},"end":{"line":11,"column":62}},"6":{"start":{"line":14,"column":43},"end":{"line":14,"column":62}}},"fnMap":{"0":{"name":"Counter","decl":{"start":{"line":4,"column":24},"end":{"line":4,"column":31}},"loc":{"start":{"line":4,"column":31},"end":{"line":21,"column":1}}},"1":{"name":"(anonymous_1)","decl":{"start":{"line":11,"column":37},"end":{"line":11,"column":40}},"loc":{"start":{"line":11,"column":43},"end":{"line":11,"column":62}}},"2":{"name":"(anonymous_2)","decl":{"start":{"line":14,"column":37},"end":{"line":14,"column":40}},"loc":{"start":{"line":14,"column":43},"end":{"line":14,"column":62}}}},"branchMap":{"0":{"loc":{"start":{"line":17,"column":7},"end":{"line":17,"column":90}},"type":"binary-expr","locations":[{"start":{"line":17,"column":7},"end":{"line":17,"column":17}},{"start":{"line":17,"column":23},"end":{"line":17,"column":89}}]}},"s":{"0":1,"1":1,"2":3,"3":3,"4":3,"5":1,"6":1},"f":{"0":3,"1":1,"2":1},"b":{"0":[3,1]}}
,"/Users/ritacosta/code/unitary-tests-practice/components/login.tsx": {"path":"/Users/ritacosta/code/unitary-tests-practice/components/login.tsx","statementMap":{"0":{"start":{"line":3,"column":0},"end":{"line":3,"column":24}},"1":{"start":{"line":1,"column":0},"end":{"line":1,"column":33}},"2":{"start":{"line":4,"column":28},"end":{"line":4,"column":40}},"3":{"start":{"line":5,"column":34},"end":{"line":5,"column":46}},"4":{"start":{"line":6,"column":28},"end":{"line":6,"column":40}},"5":{"start":{"line":8,"column":23},"end":{"line":23,"column":3}},"6":{"start":{"line":9,"column":4},"end":{"line":9,"column":23}},"7":{"start":{"line":11,"column":4},"end":{"line":14,"column":5}},"8":{"start":{"line":12,"column":6},"end":{"line":12,"column":32}},"9":{"start":{"line":13,"column":6},"end":{"line":13,"column":13}},"10":{"start":{"line":16,"column":4},"end":{"line":19,"column":5}},"11":{"start":{"line":17,"column":6},"end":{"line":17,"column":37}},"12":{"start":{"line":18,"column":6},"end":{"line":18,"column":13}},"13":{"start":{"line":21,"column":4},"end":{"line":21,"column":17}},"14":{"start":{"line":22,"column":4},"end":{"line":22,"column":30}},"15":{"start":{"line":25,"column":2},"end":{"line":44,"column":4}},"16":{"start":{"line":30,"column":25},"end":{"line":30,"column":49}},"17":{"start":{"line":37,"column":25},"end":{"line":37,"column":52}}},"fnMap":{"0":{"name":"LoginForm","decl":{"start":{"line":3,"column":24},"end":{"line":3,"column":33}},"loc":{"start":{"line":3,"column":33},"end":{"line":45,"column":1}}},"1":{"name":"(anonymous_1)","decl":{"start":{"line":8,"column":23},"end":{"line":8,"column":24}},"loc":{"start":{"line":8,"column":33},"end":{"line":23,"column":3}}},"2":{"name":"(anonymous_2)","decl":{"start":{"line":30,"column":18},"end":{"line":30,"column":19}},"loc":{"start":{"line":30,"column":25},"end":{"line":30,"column":49}}},"3":{"name":"(anonymous_3)","decl":{"start":{"line":37,"column":18},"end":{"line":37,"column":19}},"loc":{"start":{"line":37,"column":25},"end":{"line":37,"column":52}}}},"branchMap":{"0":{"loc":{"start":{"line":11,"column":4},"end":{"line":14,"column":5}},"type":"if","locations":[{"start":{"line":11,"column":4},"end":{"line":14,"column":5}},{"start":{},"end":{}}]},"1":{"loc":{"start":{"line":16,"column":4},"end":{"line":19,"column":5}},"type":"if","locations":[{"start":{"line":16,"column":4},"end":{"line":19,"column":5}},{"start":{},"end":{}}]},"2":{"loc":{"start":{"line":42,"column":7},"end":{"line":42,"column":30}},"type":"binary-expr","locations":[{"start":{"line":42,"column":7},"end":{"line":42,"column":12}},{"start":{"line":42,"column":16},"end":{"line":42,"column":30}}]}},"s":{"0":1,"1":1,"2":91,"3":91,"4":91,"5":91,"6":5,"7":5,"8":2,"9":2,"10":3,"11":2,"12":2,"13":1,"14":1,"15":91,"16":69,"17":11},"f":{"0":91,"1":5,"2":69,"3":11},"b":{"0":[2,3],"1":[2,1],"2":[91,4]}}
,"/Users/ritacosta/code/unitary-tests-practice/components/productSearch.tsx": {"path":"/Users/ritacosta/code/unitary-tests-practice/components/productSearch.tsx","statementMap":{"0":{"start":{"line":5,"column":0},"end":{"line":5,"column":24}},"1":{"start":{"line":2,"column":0},"end":{"line":2,"column":33}},"2":{"start":{"line":3,"column":0},"end":{"line":3,"column":51}},"3":{"start":{"line":6,"column":28},"end":{"line":6,"column":40}},"4":{"start":{"line":7,"column":28},"end":{"line":7,"column":40}},"5":{"start":{"line":9,"column":31},"end":{"line":9,"column":49}},"6":{"start":{"line":11,"column":23},"end":{"line":13,"column":3}},"7":{"start":{"line":12,"column":4},"end":{"line":12,"column":20}},"8":{"start":{"line":15,"column":2},"end":{"line":38,"column":4}},"9":{"start":{"line":20,"column":25},"end":{"line":20,"column":49}},"10":{"start":{"line":33,"column":35},"end":{"line":33,"column":56}}},"fnMap":{"0":{"name":"ProductSearch","decl":{"start":{"line":5,"column":24},"end":{"line":5,"column":37}},"loc":{"start":{"line":5,"column":37},"end":{"line":39,"column":1}}},"1":{"name":"(anonymous_1)","decl":{"start":{"line":11,"column":23},"end":{"line":11,"column":26}},"loc":{"start":{"line":11,"column":28},"end":{"line":13,"column":3}}},"2":{"name":"(anonymous_2)","decl":{"start":{"line":20,"column":18},"end":{"line":20,"column":19}},"loc":{"start":{"line":20,"column":25},"end":{"line":20,"column":49}}},"3":{"name":"(anonymous_3)","decl":{"start":{"line":33,"column":25},"end":{"line":33,"column":26}},"loc":{"start":{"line":33,"column":35},"end":{"line":33,"column":56}}}},"branchMap":{"0":{"loc":{"start":{"line":25,"column":7},"end":{"line":25,"column":48}},"type":"binary-expr","locations":[{"start":{"line":25,"column":7},"end":{"line":25,"column":27}},{"start":{"line":25,"column":31},"end":{"line":25,"column":48}}]},"1":{"loc":{"start":{"line":26,"column":7},"end":{"line":26,"column":59}},"type":"binary-expr","locations":[{"start":{"line":26,"column":7},"end":{"line":26,"column":25}},{"start":{"line":26,"column":29},"end":{"line":26,"column":59}}]},"2":{"loc":{"start":{"line":28,"column":7},"end":{"line":35,"column":null}},"type":"binary-expr","locations":[{"start":{"line":28,"column":7},"end":{"line":28,"column":27}},{"start":{"line":29,"column":8},"end":{"line":34,"column":null}}]},"3":{"loc":{"start":{"line":30,"column":11},"end":{"line":33,"column":null}},"type":"cond-expr","locations":[{"start":{"line":31,"column":12},"end":{"line":31,"column":36}},{"start":{"line":33,"column":12},"end":{"line":33,"column":64}}]}},"s":{"0":1,"1":1,"2":1,"3":40,"4":40,"5":40,"6":40,"7":4,"8":40,"9":23,"10":1},"f":{"0":40,"1":4,"2":23,"3":1},"b":{"0":[40,4],"1":[40,1],"2":[40,2],"3":[1,1]}}
,"/Users/ritacosta/code/unitary-tests-practice/components/productSearchV2.tsx": {"path":"/Users/ritacosta/code/unitary-tests-practice/components/productSearchV2.tsx","statementMap":{"0":{"start":{"line":4,"column":0},"end":{"line":4,"column":24}},"1":{"start":{"line":1,"column":0},"end":{"line":1,"column":33}},"2":{"start":{"line":2,"column":0},"end":{"line":2,"column":69}},"3":{"start":{"line":5,"column":28},"end":{"line":5,"column":40}},"4":{"start":{"line":6,"column":31},"end":{"line":6,"column":58}},"5":{"start":{"line":8,"column":2},"end":{"line":27,"column":4}},"6":{"start":{"line":13,"column":25},"end":{"line":13,"column":49}},"7":{"start":{"line":22,"column":12},"end":{"line":22,"column":33}}},"fnMap":{"0":{"name":"ProductSearchV2","decl":{"start":{"line":4,"column":24},"end":{"line":4,"column":39}},"loc":{"start":{"line":4,"column":39},"end":{"line":28,"column":1}}},"1":{"name":"(anonymous_1)","decl":{"start":{"line":13,"column":18},"end":{"line":13,"column":19}},"loc":{"start":{"line":13,"column":25},"end":{"line":13,"column":49}}},"2":{"name":"(anonymous_2)","decl":{"start":{"line":21,"column":24},"end":{"line":21,"column":25}},"loc":{"start":{"line":22,"column":12},"end":{"line":22,"column":33}}}},"branchMap":{"0":{"loc":{"start":{"line":16,"column":7},"end":{"line":16,"column":48}},"type":"binary-expr","locations":[{"start":{"line":16,"column":7},"end":{"line":16,"column":27}},{"start":{"line":16,"column":31},"end":{"line":16,"column":48}}]},"1":{"loc":{"start":{"line":17,"column":7},"end":{"line":17,"column":59}},"type":"binary-expr","locations":[{"start":{"line":17,"column":7},"end":{"line":17,"column":25}},{"start":{"line":17,"column":29},"end":{"line":17,"column":59}}]},"2":{"loc":{"start":{"line":19,"column":7},"end":{"line":24,"column":null}},"type":"binary-expr","locations":[{"start":{"line":19,"column":7},"end":{"line":19,"column":27}},{"start":{"line":20,"column":8},"end":{"line":23,"column":null}}]}},"s":{"0":1,"1":1,"2":1,"3":1,"4":1,"5":1,"6":0,"7":0},"f":{"0":1,"1":0,"2":0},"b":{"0":[1,0],"1":[1,0],"2":[1,0]}}
,"/Users/ritacosta/code/unitary-tests-practice/components/usersList.tsx": {"path":"/Users/ritacosta/code/unitary-tests-practice/components/usersList.tsx","statementMap":{"0":{"start":{"line":4,"column":0},"end":{"line":4,"column":24}},"1":{"start":{"line":2,"column":0},"end":{"line":2,"column":45}},"2":{"start":{"line":5,"column":28},"end":{"line":5,"column":38}},"3":{"start":{"line":7,"column":2},"end":{"line":7,"column":53}},"4":{"start":{"line":7,"column":28},"end":{"line":7,"column":53}},"5":{"start":{"line":8,"column":2},"end":{"line":8,"column":60}},"6":{"start":{"line":8,"column":26},"end":{"line":8,"column":60}},"7":{"start":{"line":10,"column":2},"end":{"line":16,"column":4}},"8":{"start":{"line":13,"column":8},"end":{"line":13,"column":36}}},"fnMap":{"0":{"name":"UsersList","decl":{"start":{"line":4,"column":24},"end":{"line":4,"column":33}},"loc":{"start":{"line":4,"column":33},"end":{"line":17,"column":1}}},"1":{"name":"(anonymous_1)","decl":{"start":{"line":12,"column":17},"end":{"line":12,"column":18}},"loc":{"start":{"line":13,"column":8},"end":{"line":13,"column":36}}}},"branchMap":{"0":{"loc":{"start":{"line":7,"column":2},"end":{"line":7,"column":53}},"type":"if","locations":[{"start":{"line":7,"column":2},"end":{"line":7,"column":53}},{"start":{},"end":{}}]},"1":{"loc":{"start":{"line":8,"column":2},"end":{"line":8,"column":60}},"type":"if","locations":[{"start":{"line":8,"column":2},"end":{"line":8,"column":60}},{"start":{},"end":{}}]}},"s":{"0":1,"1":1,"2":8,"3":8,"4":3,"5":5,"6":1,"7":4,"8":2},"f":{"0":8,"1":2},"b":{"0":[3,5],"1":[1,4]}}
,"/Users/ritacosta/code/unitary-tests-practice/hooks/useDebouncedProducts.ts": {"path":"/Users/ritacosta/code/unitary-tests-practice/hooks/useDebouncedProducts.ts","statementMap":{"0":{"start":{"line":3,"column":0},"end":{"line":3,"column":16}},"1":{"start":{"line":1,"column":0},"end":{"line":1,"column":52}},"2":{"start":{"line":4,"column":34},"end":{"line":4,"column":56}},"3":{"start":{"line":5,"column":30},"end":{"line":5,"column":88}},"4":{"start":{"line":7,"column":24},"end":{"line":7,"column":60}},"5":{"start":{"line":9,"column":2},"end":{"line":44,"column":14}},"6":{"start":{"line":10,"column":4},"end":{"line":10,"column":23}},"7":{"start":{"line":10,"column":16},"end":{"line":10,"column":23}},"8":{"start":{"line":12,"column":20},"end":{"line":41,"column":11}},"9":{"start":{"line":13,"column":6},"end":{"line":15,"column":7}},"10":{"start":{"line":14,"column":8},"end":{"line":14,"column":38}},"11":{"start":{"line":17,"column":25},"end":{"line":17,"column":46}},"12":{"start":{"line":18,"column":6},"end":{"line":18,"column":41}},"13":{"start":{"line":20,"column":28},"end":{"line":38,"column":8}},"14":{"start":{"line":20,"column":39},"end":{"line":38,"column":8}},"15":{"start":{"line":21,"column":8},"end":{"line":21,"column":29}},"16":{"start":{"line":23,"column":8},"end":{"line":37,"column":9}},"17":{"start":{"line":24,"column":22},"end":{"line":26,"column":12}},"18":{"start":{"line":28,"column":10},"end":{"line":28,"column":41}},"19":{"start":{"line":28,"column":23},"end":{"line":28,"column":41}},"20":{"start":{"line":30,"column":23},"end":{"line":30,"column":39}},"21":{"start":{"line":32,"column":10},"end":{"line":32,"column":28}},"22":{"start":{"line":33,"column":10},"end":{"line":33,"column":31}},"23":{"start":{"line":35,"column":10},"end":{"line":35,"column":48}},"24":{"start":{"line":35,"column":41},"end":{"line":35,"column":48}},"25":{"start":{"line":36,"column":10},"end":{"line":36,"column":29}},"26":{"start":{"line":40,"column":6},"end":{"line":40,"column":22}},"27":{"start":{"line":43,"column":4},"end":{"line":43,"column":39}},"28":{"start":{"line":43,"column":17},"end":{"line":43,"column":38}},"29":{"start":{"line":46,"column":2},"end":{"line":46,"column":30}}},"fnMap":{"0":{"name":"useDebouncedProducts","decl":{"start":{"line":3,"column":16},"end":{"line":3,"column":36}},"loc":{"start":{"line":3,"column":50},"end":{"line":47,"column":1}}},"1":{"name":"(anonymous_8)","decl":{"start":{"line":9,"column":12},"end":{"line":9,"column":15}},"loc":{"start":{"line":9,"column":17},"end":{"line":44,"column":3}}},"2":{"name":"(anonymous_9)","decl":{"start":{"line":12,"column":31},"end":{"line":12,"column":34}},"loc":{"start":{"line":12,"column":36},"end":{"line":41,"column":5}}},"3":{"name":"(anonymous_10)","decl":{"start":{"line":20,"column":28},"end":{"line":20,"column":37}},"loc":{"start":{"line":20,"column":39},"end":{"line":38,"column":8}}},"4":{"name":"(anonymous_11)","decl":{"start":{"line":20,"column":39},"end":{"line":20,"column":null}},"loc":{"start":{"line":20,"column":39},"end":{"line":38,"column":7}}},"5":{"name":"(anonymous_12)","decl":{"start":{"line":43,"column":11},"end":{"line":43,"column":14}},"loc":{"start":{"line":43,"column":17},"end":{"line":43,"column":38}}}},"branchMap":{"0":{"loc":{"start":{"line":10,"column":4},"end":{"line":10,"column":23}},"type":"if","locations":[{"start":{"line":10,"column":4},"end":{"line":10,"column":23}},{"start":{},"end":{}}]},"1":{"loc":{"start":{"line":13,"column":6},"end":{"line":15,"column":7}},"type":"if","locations":[{"start":{"line":13,"column":6},"end":{"line":15,"column":7}},{"start":{},"end":{}}]},"2":{"loc":{"start":{"line":28,"column":10},"end":{"line":28,"column":41}},"type":"if","locations":[{"start":{"line":28,"column":10},"end":{"line":28,"column":41}},{"start":{},"end":{}}]},"3":{"loc":{"start":{"line":35,"column":10},"end":{"line":35,"column":48}},"type":"if","locations":[{"start":{"line":35,"column":10},"end":{"line":35,"column":48}},{"start":{},"end":{}}]}},"s":{"0":1,"1":1,"2":1,"3":1,"4":1,"5":1,"6":1,"7":1,"8":0,"9":0,"10":0,"11":0,"12":0,"13":0,"14":0,"15":0,"16":0,"17":0,"18":0,"19":0,"20":0,"21":0,"22":0,"23":0,"24":0,"25":0,"26":0,"27":0,"28":0,"29":1},"f":{"0":1,"1":1,"2":0,"3":0,"4":0,"5":0},"b":{"0":[1,0],"1":[0,0],"2":[0,0],"3":[0,0]}}
,"/Users/ritacosta/code/unitary-tests-practice/hooks/useProducts.ts": {"path":"/Users/ritacosta/code/unitary-tests-practice/hooks/useProducts.ts","statementMap":{"0":{"start":{"line":3,"column":0},"end":{"line":3,"column":16}},"1":{"start":{"line":1,"column":0},"end":{"line":1,"column":44}},"2":{"start":{"line":4,"column":34},"end":{"line":4,"column":56}},"3":{"start":{"line":5,"column":30},"end":{"line":5,"column":88}},"4":{"start":{"line":7,"column":2},"end":{"line":38,"column":14}},"5":{"start":{"line":8,"column":4},"end":{"line":8,"column":23}},"6":{"start":{"line":8,"column":16},"end":{"line":8,"column":23}},"7":{"start":{"line":10,"column":20},"end":{"line":10,"column":24}},"8":{"start":{"line":12,"column":26},"end":{"line":31,"column":6}},"9":{"start":{"line":12,"column":37},"end":{"line":31,"column":6}},"10":{"start":{"line":13,"column":6},"end":{"line":13,"column":27}},"11":{"start":{"line":15,"column":6},"end":{"line":30,"column":7}},"12":{"start":{"line":16,"column":20},"end":{"line":16,"column":59}},"13":{"start":{"line":18,"column":8},"end":{"line":18,"column":39}},"14":{"start":{"line":18,"column":21},"end":{"line":18,"column":39}},"15":{"start":{"line":20,"column":21},"end":{"line":20,"column":37}},"16":{"start":{"line":22,"column":8},"end":{"line":25,"column":9}},"17":{"start":{"line":23,"column":10},"end":{"line":23,"column":28}},"18":{"start":{"line":24,"column":10},"end":{"line":24,"column":31}},"19":{"start":{"line":27,"column":8},"end":{"line":29,"column":9}},"20":{"start":{"line":28,"column":10},"end":{"line":28,"column":29}},"21":{"start":{"line":33,"column":4},"end":{"line":33,"column":20}},"22":{"start":{"line":35,"column":4},"end":{"line":37,"column":6}},"23":{"start":{"line":36,"column":6},"end":{"line":36,"column":24}},"24":{"start":{"line":40,"column":2},"end":{"line":40,"column":30}}},"fnMap":{"0":{"name":"useProducts","decl":{"start":{"line":3,"column":16},"end":{"line":3,"column":27}},"loc":{"start":{"line":3,"column":41},"end":{"line":41,"column":1}}},"1":{"name":"(anonymous_8)","decl":{"start":{"line":7,"column":12},"end":{"line":7,"column":15}},"loc":{"start":{"line":7,"column":17},"end":{"line":38,"column":3}}},"2":{"name":"(anonymous_9)","decl":{"start":{"line":12,"column":26},"end":{"line":12,"column":35}},"loc":{"start":{"line":12,"column":37},"end":{"line":31,"column":6}}},"3":{"name":"(anonymous_10)","decl":{"start":{"line":12,"column":37},"end":{"line":12,"column":null}},"loc":{"start":{"line":12,"column":37},"end":{"line":31,"column":5}}},"4":{"name":"(anonymous_11)","decl":{"start":{"line":35,"column":11},"end":{"line":35,"column":14}},"loc":{"start":{"line":35,"column":16},"end":{"line":37,"column":5}}}},"branchMap":{"0":{"loc":{"start":{"line":8,"column":4},"end":{"line":8,"column":23}},"type":"if","locations":[{"start":{"line":8,"column":4},"end":{"line":8,"column":23}},{"start":{},"end":{}}]},"1":{"loc":{"start":{"line":18,"column":8},"end":{"line":18,"column":39}},"type":"if","locations":[{"start":{"line":18,"column":8},"end":{"line":18,"column":39}},{"start":{},"end":{}}]},"2":{"loc":{"start":{"line":22,"column":8},"end":{"line":25,"column":9}},"type":"if","locations":[{"start":{"line":22,"column":8},"end":{"line":25,"column":9}},{"start":{},"end":{}}]},"3":{"loc":{"start":{"line":27,"column":8},"end":{"line":29,"column":9}},"type":"if","locations":[{"start":{"line":27,"column":8},"end":{"line":29,"column":9}},{"start":{},"end":{}}]}},"s":{"0":1,"1":1,"2":40,"3":40,"4":40,"5":10,"6":6,"7":4,"8":4,"9":4,"10":4,"11":4,"12":4,"13":3,"14":1,"15":2,"16":2,"17":2,"18":2,"19":1,"20":1,"21":4,"22":4,"23":4,"24":40},"f":{"0":40,"1":10,"2":4,"3":4,"4":4},"b":{"0":[6,4],"1":[1,2],"2":[2,0],"3":[1,0]}}
,"/Users/ritacosta/code/unitary-tests-practice/hooks/useUsers.ts": {"path":"/Users/ritacosta/code/unitary-tests-practice/hooks/useUsers.ts","statementMap":{"0":{"start":{"line":3,"column":0},"end":{"line":3,"column":16}},"1":{"start":{"line":1,"column":0},"end":{"line":1,"column":44}},"2":{"start":{"line":4,"column":28},"end":{"line":4,"column":50}},"3":{"start":{"line":5,"column":30},"end":{"line":5,"column":88}},"4":{"start":{"line":7,"column":2},"end":{"line":36,"column":9}},"5":{"start":{"line":8,"column":20},"end":{"line":8,"column":24}},"6":{"start":{"line":10,"column":23},"end":{"line":29,"column":6}},"7":{"start":{"line":10,"column":34},"end":{"line":29,"column":6}},"8":{"start":{"line":11,"column":6},"end":{"line":11,"column":27}},"9":{"start":{"line":13,"column":6},"end":{"line":28,"column":7}},"10":{"start":{"line":14,"column":20},"end":{"line":14,"column":45}},"11":{"start":{"line":16,"column":8},"end":{"line":16,"column":39}},"12":{"start":{"line":16,"column":21},"end":{"line":16,"column":39}},"13":{"start":{"line":18,"column":21},"end":{"line":18,"column":37}},"14":{"start":{"line":20,"column":8},"end":{"line":23,"column":9}},"15":{"start":{"line":21,"column":10},"end":{"line":21,"column":25}},"16":{"start":{"line":22,"column":10},"end":{"line":22,"column":31}},"17":{"start":{"line":25,"column":8},"end":{"line":27,"column":9}},"18":{"start":{"line":26,"column":10},"end":{"line":26,"column":29}},"19":{"start":{"line":31,"column":4},"end":{"line":31,"column":17}},"20":{"start":{"line":33,"column":4},"end":{"line":35,"column":6}},"21":{"start":{"line":34,"column":6},"end":{"line":34,"column":24}},"22":{"start":{"line":38,"column":2},"end":{"line":38,"column":27}}},"fnMap":{"0":{"name":"useUsers","decl":{"start":{"line":3,"column":16},"end":{"line":3,"column":24}},"loc":{"start":{"line":3,"column":24},"end":{"line":39,"column":1}}},"1":{"name":"(anonymous_8)","decl":{"start":{"line":7,"column":12},"end":{"line":7,"column":15}},"loc":{"start":{"line":7,"column":17},"end":{"line":36,"column":3}}},"2":{"name":"(anonymous_9)","decl":{"start":{"line":10,"column":23},"end":{"line":10,"column":32}},"loc":{"start":{"line":10,"column":34},"end":{"line":29,"column":6}}},"3":{"name":"(anonymous_10)","decl":{"start":{"line":10,"column":34},"end":{"line":10,"column":null}},"loc":{"start":{"line":10,"column":34},"end":{"line":29,"column":5}}},"4":{"name":"(anonymous_11)","decl":{"start":{"line":33,"column":11},"end":{"line":33,"column":14}},"loc":{"start":{"line":33,"column":16},"end":{"line":35,"column":5}}}},"branchMap":{"0":{"loc":{"start":{"line":16,"column":8},"end":{"line":16,"column":39}},"type":"if","locations":[{"start":{"line":16,"column":8},"end":{"line":16,"column":39}},{"start":{},"end":{}}]},"1":{"loc":{"start":{"line":20,"column":8},"end":{"line":23,"column":9}},"type":"if","locations":[{"start":{"line":20,"column":8},"end":{"line":23,"column":9}},{"start":{},"end":{}}]},"2":{"loc":{"start":{"line":25,"column":8},"end":{"line":27,"column":9}},"type":"if","locations":[{"start":{"line":25,"column":8},"end":{"line":27,"column":9}},{"start":{},"end":{}}]}},"s":{"0":1,"1":1,"2":8,"3":8,"4":8,"5":3,"6":3,"7":3,"8":3,"9":3,"10":3,"11":2,"12":1,"13":1,"14":1,"15":1,"16":1,"17":1,"18":1,"19":3,"20":3,"21":3,"22":8},"f":{"0":8,"1":3,"2":3,"3":3,"4":3},"b":{"0":[1,1],"1":[1,0],"2":[1,0]}}
}
