TN:
SF:components/api.tsx
FN:3,Api
FN:8,(anonymous_8)
FN:8,(anonymous_9)
FN:31,(anonymous_10)
FN:38,(anonymous_11)
FNF:5
FNH:5
FNDA:83,Api
FNDA:3,(anonymous_8)
FNDA:3,(anonymous_9)
FNDA:50,(anonymous_10)
FNDA:24,(anonymous_11)
DA:1,1
DA:3,1
DA:4,83
DA:5,83
DA:6,83
DA:8,83
DA:9,3
DA:10,3
DA:12,3
DA:13,3
DA:18,2
DA:20,1
DA:22,1
DA:26,83
DA:31,50
DA:38,24
LF:16
LH:16
BRDA:18,0,0,1
BRDA:18,0,1,1
BRDA:43,1,0,83
BRDA:43,1,1,3
BRDA:44,2,0,83
BRDA:44,2,1,1
BRDA:45,3,0,83
BRDA:45,3,1,1
BRF:8
BRH:8
end_of_record
TN:
SF:components/counter.tsx
FN:4,Counter
FN:11,(anonymous_1)
FN:14,(anonymous_2)
FNF:3
FNH:3
FNDA:3,Counter
FNDA:1,(anonymous_1)
FNDA:1,(anonymous_2)
DA:2,1
DA:4,1
DA:5,3
DA:6,3
DA:8,3
DA:11,1
DA:14,1
LF:7
LH:7
BRDA:17,0,0,3
BRDA:17,0,1,1
BRF:2
BRH:2
end_of_record
TN:
SF:components/login.tsx
FN:3,LoginForm
FN:8,(anonymous_1)
FN:30,(anonymous_2)
FN:37,(anonymous_3)
FNF:4
FNH:4
FNDA:91,LoginForm
FNDA:5,(anonymous_1)
FNDA:69,(anonymous_2)
FNDA:11,(anonymous_3)
DA:1,1
DA:3,1
DA:4,91
DA:5,91
DA:6,91
DA:8,91
DA:9,5
DA:11,5
DA:12,2
DA:13,2
DA:16,3
DA:17,2
DA:18,2
DA:21,1
DA:22,1
DA:25,91
DA:30,69
DA:37,11
LF:18
LH:18
BRDA:11,0,0,2
BRDA:11,0,1,3
BRDA:16,1,0,2
BRDA:16,1,1,1
BRDA:42,2,0,91
BRDA:42,2,1,4
BRF:6
BRH:6
end_of_record
TN:
SF:components/productSearch.tsx
FN:5,ProductSearch
FN:11,(anonymous_1)
FN:20,(anonymous_2)
FN:33,(anonymous_3)
FNF:4
FNH:4
FNDA:40,ProductSearch
FNDA:4,(anonymous_1)
FNDA:23,(anonymous_2)
FNDA:1,(anonymous_3)
DA:2,1
DA:3,1
DA:5,1
DA:6,40
DA:7,40
DA:9,40
DA:11,40
DA:12,4
DA:15,40
DA:20,23
DA:33,1
LF:11
LH:11
BRDA:25,0,0,40
BRDA:25,0,1,4
BRDA:26,1,0,40
BRDA:26,1,1,1
BRDA:28,2,0,40
BRDA:28,2,1,2
BRDA:30,3,0,1
BRDA:30,3,1,1
BRF:8
BRH:8
end_of_record
TN:
SF:components/productSearchV2.tsx
FN:4,ProductSearchV2
FN:13,(anonymous_1)
FN:21,(anonymous_2)
FNF:3
FNH:1
FNDA:1,ProductSearchV2
FNDA:0,(anonymous_1)
FNDA:0,(anonymous_2)
DA:1,1
DA:2,1
DA:4,1
DA:5,1
DA:6,1
DA:8,1
DA:13,0
DA:22,0
LF:8
LH:6
BRDA:16,0,0,1
BRDA:16,0,1,0
BRDA:17,1,0,1
BRDA:17,1,1,0
BRDA:19,2,0,1
BRDA:19,2,1,0
BRF:6
BRH:3
end_of_record
TN:
SF:components/usersList.tsx
FN:4,UsersList
FN:12,(anonymous_1)
FNF:2
FNH:2
FNDA:8,UsersList
FNDA:2,(anonymous_1)
DA:2,1
DA:4,1
DA:5,8
DA:7,8
DA:8,5
DA:10,4
DA:13,2
LF:7
LH:7
BRDA:7,0,0,3
BRDA:7,0,1,5
BRDA:8,1,0,1
BRDA:8,1,1,4
BRF:4
BRH:4
end_of_record
TN:
SF:hooks/useDebouncedProducts.ts
FN:3,useDebouncedProducts
FN:9,(anonymous_8)
FN:12,(anonymous_9)
FN:20,(anonymous_10)
FN:20,(anonymous_11)
FN:43,(anonymous_12)
FNF:6
FNH:2
FNDA:1,useDebouncedProducts
FNDA:1,(anonymous_8)
FNDA:0,(anonymous_9)
FNDA:0,(anonymous_10)
FNDA:0,(anonymous_11)
FNDA:0,(anonymous_12)
DA:1,1
DA:3,1
DA:4,1
DA:5,1
DA:7,1
DA:9,1
DA:10,1
DA:12,0
DA:13,0
DA:14,0
DA:17,0
DA:18,0
DA:20,0
DA:21,0
DA:23,0
DA:24,0
DA:28,0
DA:30,0
DA:32,0
DA:33,0
DA:35,0
DA:36,0
DA:40,0
DA:43,0
DA:46,1
LF:25
LH:8
BRDA:10,0,0,1
BRDA:10,0,1,0
BRDA:13,1,0,0
BRDA:13,1,1,0
BRDA:28,2,0,0
BRDA:28,2,1,0
BRDA:35,3,0,0
BRDA:35,3,1,0
BRF:8
BRH:1
end_of_record
TN:
SF:hooks/useProducts.ts
FN:3,useProducts
FN:7,(anonymous_8)
FN:12,(anonymous_9)
FN:12,(anonymous_10)
FN:35,(anonymous_11)
FNF:5
FNH:5
FNDA:40,useProducts
FNDA:10,(anonymous_8)
FNDA:4,(anonymous_9)
FNDA:4,(anonymous_10)
FNDA:4,(anonymous_11)
DA:1,1
DA:3,1
DA:4,40
DA:5,40
DA:7,40
DA:8,10
DA:10,4
DA:12,4
DA:13,4
DA:15,4
DA:16,4
DA:18,3
DA:20,2
DA:22,2
DA:23,2
DA:24,2
DA:27,1
DA:28,1
DA:33,4
DA:35,4
DA:36,4
DA:40,40
LF:22
LH:22
BRDA:8,0,0,6
BRDA:8,0,1,4
BRDA:18,1,0,1
BRDA:18,1,1,2
BRDA:22,2,0,2
BRDA:22,2,1,0
BRDA:27,3,0,1
BRDA:27,3,1,0
BRF:8
BRH:6
end_of_record
TN:
SF:hooks/useUsers.ts
FN:3,useUsers
FN:7,(anonymous_8)
FN:10,(anonymous_9)
FN:10,(anonymous_10)
FN:33,(anonymous_11)
FNF:5
FNH:5
FNDA:8,useUsers
FNDA:3,(anonymous_8)
FNDA:3,(anonymous_9)
FNDA:3,(anonymous_10)
FNDA:3,(anonymous_11)
DA:1,1
DA:3,1
DA:4,8
DA:5,8
DA:7,8
DA:8,3
DA:10,3
DA:11,3
DA:13,3
DA:14,3
DA:16,2
DA:18,1
DA:20,1
DA:21,1
DA:22,1
DA:25,1
DA:26,1
DA:31,3
DA:33,3
DA:34,3
DA:38,8
LF:21
LH:21
BRDA:16,0,0,1
BRDA:16,0,1,1
BRDA:20,1,0,1
BRDA:20,1,1,0
BRDA:25,2,0,1
BRDA:25,2,1,0
BRF:6
BRH:4
end_of_record
